<?xml version="1.0" encoding="UTF-8"?>
<!-- Generated by org.testng.reporters.JUnitReportReporter -->
<testsuite skipped="3" hostname="ETHYDLP084" name="letzNavTestFrameWork.letzNavTestScripts.letzNavRegressionTest" tests="8" failures="0" timestamp="31 Jan 2018 06:22:26 GMT" time="16.206" errors="0">
  <testcase name="validateLogin" time="12.070" classname="letzNavTestFrameWork.letzNavTestScripts.letzNavRegressionTest"/>
  <testcase name="validateEditorFormPage" time="0.731" classname="letzNavTestFrameWork.letzNavTestScripts.letzNavRegressionTest"/>
  <testcase name="validateEditorFormPage" time="0.761" classname="letzNavTestFrameWork.letzNavTestScripts.letzNavRegressionTest"/>
  <testcase name="validateEditorFormPage" time="0.828" classname="letzNavTestFrameWork.letzNavTestScripts.letzNavRegressionTest"/>
  <testcase name="validateEditorFormPage" time="1.816" classname="letzNavTestFrameWork.letzNavTestScripts.letzNavRegressionTest"/>
  <testcase name="validateLauncherNavigation" classname="letzNavTestFrameWork.letzNavTestScripts.letzNavRegressionTest">
    <skipped/>
  </testcase> <!-- validateLauncherNavigation -->
  <testcase name="validateLauncherPosition" classname="letzNavTestFrameWork.letzNavTestScripts.letzNavRegressionTest">
    <skipped/>
  </testcase> <!-- validateLauncherPosition -->
  <testcase name="validateFlow" classname="letzNavTestFrameWork.letzNavTestScripts.letzNavRegressionTest">
    <skipped/>
  </testcase> <!-- validateFlow -->
</testsuite> <!-- letzNavTestFrameWork.letzNavTestScripts.letzNavRegressionTest -->
