<?xml version="1.0" encoding="UTF-8"?>
<!-- Generated by org.testng.reporters.JUnitReportReporter -->
<testsuite skipped="0" hostname="ETHYDLP084" name="letzNavTestScripts.letzNavRegressionTestEditor" tests="21" failures="0" timestamp="21 Feb 2018 10:16:15 GMT" time="80.255" errors="0">
  <testcase name="editorLogin" time="7.263" classname="letzNavTestScripts.letzNavRegressionTestEditor"/>
  <testcase name="preValidationTest" time="2.751" classname="letzNavTestScripts.letzNavRegressionTestEditor"/>
  <testcase name="validateValidation" time="3.856" classname="letzNavTestScripts.letzNavRegressionTestEditor"/>
  <testcase name="validateValidation" time="5.848" classname="letzNavTestScripts.letzNavRegressionTestEditor"/>
  <testcase name="validateValidation" time="3.554" classname="letzNavTestScripts.letzNavRegressionTestEditor"/>
  <testcase name="preNavTipSetUp" time="0.626" classname="letzNavTestScripts.letzNavRegressionTestEditor"/>
  <testcase name="preNavTipTest" time="0.544" classname="letzNavTestScripts.letzNavRegressionTestEditor"/>
  <testcase name="validateNavTips" time="2.184" classname="letzNavTestScripts.letzNavRegressionTestEditor"/>
  <testcase name="validateNavTips" time="2.690" classname="letzNavTestScripts.letzNavRegressionTestEditor"/>
  <testcase name="validateNavTips" time="3.148" classname="letzNavTestScripts.letzNavRegressionTestEditor"/>
  <testcase name="preLauncherSetUp" time="0.909" classname="letzNavTestScripts.letzNavRegressionTestEditor"/>
  <testcase name="preLauncherTest" time="0.569" classname="letzNavTestScripts.letzNavRegressionTestEditor"/>
  <testcase name="validateLaunchers" time="2.821" classname="letzNavTestScripts.letzNavRegressionTestEditor"/>
  <testcase name="validateLaunchers" time="2.646" classname="letzNavTestScripts.letzNavRegressionTestEditor"/>
  <testcase name="validateLaunchers" time="3.874" classname="letzNavTestScripts.letzNavRegressionTestEditor"/>
  <testcase name="preWorkFlowSetUp" time="0.870" classname="letzNavTestScripts.letzNavRegressionTestEditor"/>
  <testcase name="preWorkFlowTest" time="3.546" classname="letzNavTestScripts.letzNavRegressionTestEditor"/>
  <testcase name="validateWorkFlows" time="10.440" classname="letzNavTestScripts.letzNavRegressionTestEditor"/>
  <testcase name="validateWorkFlows" time="10.956" classname="letzNavTestScripts.letzNavRegressionTestEditor"/>
  <testcase name="validateWorkFlows" time="10.437" classname="letzNavTestScripts.letzNavRegressionTestEditor"/>
  <testcase name="postWorkFlowCreation" time="0.723" classname="letzNavTestScripts.letzNavRegressionTestEditor"/>
</testsuite> <!-- letzNavTestScripts.letzNavRegressionTestEditor -->
