<?xml version="1.0" encoding="UTF-8"?>
<!-- Generated by org.testng.reporters.JUnitReportReporter -->
<testsuite skipped="0" hostname="ETHYDLP084" name="letzNavTestFrameWork.letzNavTestScripts.NewTest" tests="9" failures="0" timestamp="09 Feb 2018 06:36:31 GMT" time="0.014" errors="0">
  <testcase name="workFlow" time="0.001" classname="letzNavTestFrameWork.letzNavTestScripts.NewTest"/>
  <testcase name="workFlow" time="0.001" classname="letzNavTestFrameWork.letzNavTestScripts.NewTest"/>
  <testcase name="loginCA" time="0.006" classname="letzNavTestFrameWork.letzNavTestScripts.NewTest"/>
  <testcase name="navTip" time="0.001" classname="letzNavTestFrameWork.letzNavTestScripts.NewTest"/>
  <testcase name="toolTip" time="0.001" classname="letzNavTestFrameWork.letzNavTestScripts.NewTest"/>
  <testcase name="navTip" time="0.001" classname="letzNavTestFrameWork.letzNavTestScripts.NewTest"/>
  <testcase name="validation" time="0.001" classname="letzNavTestFrameWork.letzNavTestScripts.NewTest"/>
  <testcase name="toolTip" time="0.001" classname="letzNavTestFrameWork.letzNavTestScripts.NewTest"/>
  <testcase name="validation" time="0.001" classname="letzNavTestFrameWork.letzNavTestScripts.NewTest"/>
</testsuite> <!-- letzNavTestFrameWork.letzNavTestScripts.NewTest -->
