<?xml version="1.0" encoding="UTF-8"?>
<!-- Generated by org.testng.reporters.JUnitReportReporter -->
<testsuite skipped="0" hostname="ETHYDLP084" name="letzNavTestFrameWork.letzNavTestScripts.letzNavRegressionTestEditor" tests="21" failures="0" timestamp="16 Feb 2018 11:32:18 GMT" time="111.657" errors="0">
  <testcase name="editorLogin" time="11.466" classname="letzNavTestFrameWork.letzNavTestScripts.letzNavRegressionTestEditor"/>
  <testcase name="preValidationTest" time="3.695" classname="letzNavTestFrameWork.letzNavTestScripts.letzNavRegressionTestEditor"/>
  <testcase name="validateValidation" time="9.469" classname="letzNavTestFrameWork.letzNavTestScripts.letzNavRegressionTestEditor"/>
  <testcase name="validateValidation" time="6.365" classname="letzNavTestFrameWork.letzNavTestScripts.letzNavRegressionTestEditor"/>
  <testcase name="validateValidation" time="6.201" classname="letzNavTestFrameWork.letzNavTestScripts.letzNavRegressionTestEditor"/>
  <testcase name="preNavTipSetUp" time="0.601" classname="letzNavTestFrameWork.letzNavTestScripts.letzNavRegressionTestEditor"/>
  <testcase name="preNavTipTest" time="0.972" classname="letzNavTestFrameWork.letzNavTestScripts.letzNavRegressionTestEditor"/>
  <testcase name="validateNavTips" time="5.320" classname="letzNavTestFrameWork.letzNavTestScripts.letzNavRegressionTestEditor"/>
  <testcase name="validateNavTips" time="2.786" classname="letzNavTestFrameWork.letzNavTestScripts.letzNavRegressionTestEditor"/>
  <testcase name="validateNavTips" time="6.111" classname="letzNavTestFrameWork.letzNavTestScripts.letzNavRegressionTestEditor"/>
  <testcase name="preLauncherSetUp" time="0.896" classname="letzNavTestFrameWork.letzNavTestScripts.letzNavRegressionTestEditor"/>
  <testcase name="preLauncherTest" time="0.600" classname="letzNavTestFrameWork.letzNavTestScripts.letzNavRegressionTestEditor"/>
  <testcase name="validateLaunchers" time="4.419" classname="letzNavTestFrameWork.letzNavTestScripts.letzNavRegressionTestEditor"/>
  <testcase name="validateLaunchers" time="6.027" classname="letzNavTestFrameWork.letzNavTestScripts.letzNavRegressionTestEditor"/>
  <testcase name="validateLaunchers" time="4.893" classname="letzNavTestFrameWork.letzNavTestScripts.letzNavRegressionTestEditor"/>
  <testcase name="preWorkFlowSetUp" time="1.014" classname="letzNavTestFrameWork.letzNavTestScripts.letzNavRegressionTestEditor"/>
  <testcase name="preWorkFlowTest" time="4.013" classname="letzNavTestFrameWork.letzNavTestScripts.letzNavRegressionTestEditor"/>
  <testcase name="validateWorkFlows" time="11.428" classname="letzNavTestFrameWork.letzNavTestScripts.letzNavRegressionTestEditor"/>
  <testcase name="validateWorkFlows" time="13.090" classname="letzNavTestFrameWork.letzNavTestScripts.letzNavRegressionTestEditor"/>
  <testcase name="validateWorkFlows" time="10.492" classname="letzNavTestFrameWork.letzNavTestScripts.letzNavRegressionTestEditor"/>
  <testcase name="postWorkFlowCreation" time="1.799" classname="letzNavTestFrameWork.letzNavTestScripts.letzNavRegressionTestEditor"/>
</testsuite> <!-- letzNavTestFrameWork.letzNavTestScripts.letzNavRegressionTestEditor -->
