<?xml version="1.0" encoding="UTF-8"?>
<!-- Generated by org.testng.reporters.JUnitReportReporter -->
<testsuite skipped="0" hostname="ETHYDLP084" name="letzNavTestFrameWork.letzNavTestScripts.letzNavRegressionSuite" tests="2" failures="0" timestamp="11 Jan 2018 08:07:39 GMT" time="0.014" errors="0">
  <testcase name="f" time="0.008" classname="letzNavTestFrameWork.letzNavTestScripts.letzNavRegressionSuite"/>
  <testcase name="f" time="0.006" classname="letzNavTestFrameWork.letzNavTestScripts.letzNavRegressionSuite"/>
</testsuite> <!-- letzNavTestFrameWork.letzNavTestScripts.letzNavRegressionSuite -->
